<?xml version="1.0" encoding="UTF-8"?>
<!-- Generated by org.testng.reporters.JUnitReportReporter -->
<testsuite hostname="719-5" name="com.example.tests.GroupCreationTests" tests="2" failures="0" timestamp="20 Apr 2015 11:42:28 GMT" time="3.897" errors="0">
  <testcase name="testNonEmptyGroupCreation" time="1.985" classname="com.example.tests.GroupCreationTests"/>
  <testcase name="testEmptyGroupCreation" time="1.912" classname="com.example.tests.GroupCreationTests"/>
</testsuite> <!-- com.example.tests.GroupCreationTests -->
