<?xml version="1.0" encoding="UTF-8"?>
<!-- Generated by org.testng.reporters.JUnitReportReporter -->
<testsuite hostname="719-5" name="com.example.tests.AddContactTests" tests="2" failures="0" timestamp="20 Apr 2015 11:42:28 GMT" time="9.122" errors="0">
  <testcase name="testEmptyContactCreation" time="4.268" classname="com.example.tests.AddContactTests"/>
  <testcase name="testNonEmptyContactCreation" time="4.854" classname="com.example.tests.AddContactTests"/>
</testsuite> <!-- com.example.tests.AddContactTests -->
