<?xml version="1.0" encoding="UTF-8"?>
<!-- Generated by org.testng.reporters.JUnitReportReporter -->
<testsuite hostname="719-5" name="com.example.tests.AddContact" tests="2" failures="0" timestamp="20 Apr 2015 10:57:32 GMT" time="8.848" errors="0">
  <testcase name="testEmptyContactCreation" time="4.121" classname="com.example.tests.AddContact"/>
  <testcase name="testNoEmptyContactCreation" time="4.727" classname="com.example.tests.AddContact"/>
</testsuite> <!-- com.example.tests.AddContact -->
