<?xml version="1.0" encoding="UTF-8"?>
<!-- Generated by org.testng.reporters.JUnitReportReporter -->
<testsuite hostname="719-5" name="com.example.tests.GroupCreationTests" tests="2" failures="0" timestamp="20 Apr 2015 07:30:11 GMT" time="4.935" errors="0">
  <testcase name="testEmptyGroupCreation" time="2.290" classname="com.example.tests.GroupCreationTests"/>
  <testcase name="testNonEmptyGroupCreation" time="2.645" classname="com.example.tests.GroupCreationTests"/>
</testsuite> <!-- com.example.tests.GroupCreationTests -->
